[05-Dec-2024 10:03:20 UTC] PHP Deprecated:  Calling get_class() without arguments is deprecated in /home/akilimo/services/portal/wp-includes/class-wp-http.php on line 329
[05-Dec-2024 10:03:22 UTC] PHP Deprecated:  Calling get_class() without arguments is deprecated in /home/akilimo/services/portal/wp-includes/class-wp-http.php on line 329
[05-Dec-2024 10:05:09 UTC] PHP Deprecated:  Calling get_class() without arguments is deprecated in /home/akilimo/services/portal/wp-includes/class-wp-http.php on line 329
[05-Dec-2024 10:05:09 UTC] PHP Deprecated:  Creation of dynamic property DFlip::$settings_text is deprecated in /home/akilimo/services/portal/wp-content/plugins/3d-flipbook-dflip-lite/3d-flipbook-dflip-lite.php on line 98
[05-Dec-2024 10:05:09 UTC] PHP Deprecated:  Creation of dynamic property DFlip::$external_translate is deprecated in /home/akilimo/services/portal/wp-content/plugins/3d-flipbook-dflip-lite/3d-flipbook-dflip-lite.php on line 99
[05-Dec-2024 10:05:09 UTC] PHP Deprecated:  Creation of dynamic property Ays_Pb_Public::$settings is deprecated in /home/akilimo/services/portal/wp-content/plugins/ays-popup-box/public/class-ays-pb-public.php on line 55
[05-Dec-2024 10:05:09 UTC] PHP Deprecated:  Return type of KentaCompanion\Container\Container::offsetExists($key) should either be compatible with ArrayAccess::offsetExists(mixed $offset): bool, or the #[\ReturnTypeWillChange] attribute should be used to temporarily suppress the notice in /home/akilimo/services/portal/wp-content/plugins/kenta-companion/src/Container/Container.php on line 1224
[05-Dec-2024 10:05:09 UTC] PHP Deprecated:  Return type of KentaCompanion\Container\Container::offsetGet($key) should either be compatible with ArrayAccess::offsetGet(mixed $offset): mixed, or the #[\ReturnTypeWillChange] attribute should be used to temporarily suppress the notice in /home/akilimo/services/portal/wp-content/plugins/kenta-companion/src/Container/Container.php on line 1235
[05-Dec-2024 10:05:09 UTC] PHP Deprecated:  Return type of KentaCompanion\Container\Container::offsetSet($key, $value) should either be compatible with ArrayAccess::offsetSet(mixed $offset, mixed $value): void, or the #[\ReturnTypeWillChange] attribute should be used to temporarily suppress the notice in /home/akilimo/services/portal/wp-content/plugins/kenta-companion/src/Container/Container.php on line 1247
[05-Dec-2024 10:05:09 UTC] PHP Deprecated:  Return type of KentaCompanion\Container\Container::offsetUnset($key) should either be compatible with ArrayAccess::offsetUnset(mixed $offset): void, or the #[\ReturnTypeWillChange] attribute should be used to temporarily suppress the notice in /home/akilimo/services/portal/wp-content/plugins/kenta-companion/src/Container/Container.php on line 1260
[05-Dec-2024 10:05:09 UTC] PHP Deprecated:  Return type of Illuminate\Container\Container::offsetExists($key) should either be compatible with ArrayAccess::offsetExists(mixed $offset): bool, or the #[\ReturnTypeWillChange] attribute should be used to temporarily suppress the notice in /home/akilimo/services/portal/wp-content/themes/kenta/lotta-framework/vendor/illuminate/container/Container.php on line 1231
[05-Dec-2024 10:05:09 UTC] PHP Deprecated:  Return type of Illuminate\Container\Container::offsetGet($key) should either be compatible with ArrayAccess::offsetGet(mixed $offset): mixed, or the #[\ReturnTypeWillChange] attribute should be used to temporarily suppress the notice in /home/akilimo/services/portal/wp-content/themes/kenta/lotta-framework/vendor/illuminate/container/Container.php on line 1242
[05-Dec-2024 10:05:09 UTC] PHP Deprecated:  Return type of Illuminate\Container\Container::offsetSet($key, $value) should either be compatible with ArrayAccess::offsetSet(mixed $offset, mixed $value): void, or the #[\ReturnTypeWillChange] attribute should be used to temporarily suppress the notice in /home/akilimo/services/portal/wp-content/themes/kenta/lotta-framework/vendor/illuminate/container/Container.php on line 1254
[05-Dec-2024 10:05:09 UTC] PHP Deprecated:  Return type of Illuminate\Container\Container::offsetUnset($key) should either be compatible with ArrayAccess::offsetUnset(mixed $offset): void, or the #[\ReturnTypeWillChange] attribute should be used to temporarily suppress the notice in /home/akilimo/services/portal/wp-content/themes/kenta/lotta-framework/vendor/illuminate/container/Container.php on line 1267
[05-Dec-2024 10:05:09 UTC] PHP Deprecated:  Using ${var} in strings is deprecated, use {$var} instead in /home/akilimo/services/portal/wp-content/themes/kenta/lotta-framework/src/Customizer/Controls/Builder.php on line 458
[05-Dec-2024 10:05:09 UTC] PHP Deprecated:  Using ${var} in strings is deprecated, use {$var} instead in /home/akilimo/services/portal/wp-content/themes/kenta/lotta-framework/src/Customizer/Controls/Builder.php on line 458
[05-Dec-2024 10:05:09 UTC] PHP Deprecated:  Using ${var} in strings is deprecated, use {$var} instead in /home/akilimo/services/portal/wp-content/themes/kenta/lotta-framework/src/Customizer/Controls/Builder.php on line 458
[05-Dec-2024 10:05:10 UTC] PHP Deprecated:  Creation of dynamic property YotuWP::$cache_timeout is deprecated in /home/akilimo/services/portal/wp-content/plugins/yotuwp-easy-youtube-embed/yotuwp.php on line 287
[05-Dec-2024 10:05:10 UTC] PHP Deprecated:  Creation of dynamic property YotuWP::$views is deprecated in /home/akilimo/services/portal/wp-content/plugins/yotuwp-easy-youtube-embed/yotuwp.php on line 391
[05-Dec-2024 10:05:10 UTC] PHP Deprecated:  Creation of dynamic property DFlip::$settings_text is deprecated in /home/akilimo/services/portal/wp-content/plugins/3d-flipbook-dflip-lite/3d-flipbook-dflip-lite.php on line 98
[05-Dec-2024 10:05:10 UTC] PHP Deprecated:  Creation of dynamic property DFlip::$external_translate is deprecated in /home/akilimo/services/portal/wp-content/plugins/3d-flipbook-dflip-lite/3d-flipbook-dflip-lite.php on line 99
[05-Dec-2024 10:05:10 UTC] PHP Deprecated:  Creation of dynamic property Ays_Pb_Public::$settings is deprecated in /home/akilimo/services/portal/wp-content/plugins/ays-popup-box/public/class-ays-pb-public.php on line 55
[05-Dec-2024 10:05:10 UTC] PHP Deprecated:  Return type of KentaCompanion\Container\Container::offsetExists($key) should either be compatible with ArrayAccess::offsetExists(mixed $offset): bool, or the #[\ReturnTypeWillChange] attribute should be used to temporarily suppress the notice in /home/akilimo/services/portal/wp-content/plugins/kenta-companion/src/Container/Container.php on line 1224
[05-Dec-2024 10:05:10 UTC] PHP Deprecated:  Return type of KentaCompanion\Container\Container::offsetGet($key) should either be compatible with ArrayAccess::offsetGet(mixed $offset): mixed, or the #[\ReturnTypeWillChange] attribute should be used to temporarily suppress the notice in /home/akilimo/services/portal/wp-content/plugins/kenta-companion/src/Container/Container.php on line 1235
[05-Dec-2024 10:05:10 UTC] PHP Deprecated:  Return type of KentaCompanion\Container\Container::offsetSet($key, $value) should either be compatible with ArrayAccess::offsetSet(mixed $offset, mixed $value): void, or the #[\ReturnTypeWillChange] attribute should be used to temporarily suppress the notice in /home/akilimo/services/portal/wp-content/plugins/kenta-companion/src/Container/Container.php on line 1247
[05-Dec-2024 10:05:10 UTC] PHP Deprecated:  Return type of KentaCompanion\Container\Container::offsetUnset($key) should either be compatible with ArrayAccess::offsetUnset(mixed $offset): void, or the #[\ReturnTypeWillChange] attribute should be used to temporarily suppress the notice in /home/akilimo/services/portal/wp-content/plugins/kenta-companion/src/Container/Container.php on line 1260
[05-Dec-2024 10:05:10 UTC] PHP Deprecated:  Return type of Illuminate\Container\Container::offsetExists($key) should either be compatible with ArrayAccess::offsetExists(mixed $offset): bool, or the #[\ReturnTypeWillChange] attribute should be used to temporarily suppress the notice in /home/akilimo/services/portal/wp-content/themes/kenta/lotta-framework/vendor/illuminate/container/Container.php on line 1231
[05-Dec-2024 10:05:10 UTC] PHP Deprecated:  Return type of Illuminate\Container\Container::offsetGet($key) should either be compatible with ArrayAccess::offsetGet(mixed $offset): mixed, or the #[\ReturnTypeWillChange] attribute should be used to temporarily suppress the notice in /home/akilimo/services/portal/wp-content/themes/kenta/lotta-framework/vendor/illuminate/container/Container.php on line 1242
[05-Dec-2024 10:05:10 UTC] PHP Deprecated:  Return type of Illuminate\Container\Container::offsetSet($key, $value) should either be compatible with ArrayAccess::offsetSet(mixed $offset, mixed $value): void, or the #[\ReturnTypeWillChange] attribute should be used to temporarily suppress the notice in /home/akilimo/services/portal/wp-content/themes/kenta/lotta-framework/vendor/illuminate/container/Container.php on line 1254
[05-Dec-2024 10:05:10 UTC] PHP Deprecated:  Return type of Illuminate\Container\Container::offsetUnset($key) should either be compatible with ArrayAccess::offsetUnset(mixed $offset): void, or the #[\ReturnTypeWillChange] attribute should be used to temporarily suppress the notice in /home/akilimo/services/portal/wp-content/themes/kenta/lotta-framework/vendor/illuminate/container/Container.php on line 1267
[05-Dec-2024 10:05:10 UTC] PHP Deprecated:  Creation of dynamic property YotuWP::$cache_timeout is deprecated in /home/akilimo/services/portal/wp-content/plugins/yotuwp-easy-youtube-embed/yotuwp.php on line 287
[05-Dec-2024 10:05:10 UTC] PHP Deprecated:  Creation of dynamic property YotuWP::$views is deprecated in /home/akilimo/services/portal/wp-content/plugins/yotuwp-easy-youtube-embed/yotuwp.php on line 391
[05-Dec-2024 10:05:10 UTC] PHP Deprecated:  Calling get_class() without arguments is deprecated in /home/akilimo/services/portal/wp-includes/class-wp-http.php on line 329
[05-Dec-2024 10:05:11 UTC] PHP Deprecated:  Creation of dynamic property DFlip::$settings_text is deprecated in /home/akilimo/services/portal/wp-content/plugins/3d-flipbook-dflip-lite/3d-flipbook-dflip-lite.php on line 98
[05-Dec-2024 10:05:11 UTC] PHP Deprecated:  Creation of dynamic property DFlip::$external_translate is deprecated in /home/akilimo/services/portal/wp-content/plugins/3d-flipbook-dflip-lite/3d-flipbook-dflip-lite.php on line 99
[05-Dec-2024 10:05:11 UTC] PHP Deprecated:  Creation of dynamic property Ays_Pb_Public::$settings is deprecated in /home/akilimo/services/portal/wp-content/plugins/ays-popup-box/public/class-ays-pb-public.php on line 55
[05-Dec-2024 10:05:11 UTC] PHP Deprecated:  Return type of KentaCompanion\Container\Container::offsetExists($key) should either be compatible with ArrayAccess::offsetExists(mixed $offset): bool, or the #[\ReturnTypeWillChange] attribute should be used to temporarily suppress the notice in /home/akilimo/services/portal/wp-content/plugins/kenta-companion/src/Container/Container.php on line 1224
[05-Dec-2024 10:05:11 UTC] PHP Deprecated:  Return type of KentaCompanion\Container\Container::offsetGet($key) should either be compatible with ArrayAccess::offsetGet(mixed $offset): mixed, or the #[\ReturnTypeWillChange] attribute should be used to temporarily suppress the notice in /home/akilimo/services/portal/wp-content/plugins/kenta-companion/src/Container/Container.php on line 1235
[05-Dec-2024 10:05:11 UTC] PHP Deprecated:  Return type of KentaCompanion\Container\Container::offsetSet($key, $value) should either be compatible with ArrayAccess::offsetSet(mixed $offset, mixed $value): void, or the #[\ReturnTypeWillChange] attribute should be used to temporarily suppress the notice in /home/akilimo/services/portal/wp-content/plugins/kenta-companion/src/Container/Container.php on line 1247
[05-Dec-2024 10:05:11 UTC] PHP Deprecated:  Return type of KentaCompanion\Container\Container::offsetUnset($key) should either be compatible with ArrayAccess::offsetUnset(mixed $offset): void, or the #[\ReturnTypeWillChange] attribute should be used to temporarily suppress the notice in /home/akilimo/services/portal/wp-content/plugins/kenta-companion/src/Container/Container.php on line 1260
[05-Dec-2024 10:05:11 UTC] PHP Deprecated:  Return type of Illuminate\Container\Container::offsetExists($key) should either be compatible with ArrayAccess::offsetExists(mixed $offset): bool, or the #[\ReturnTypeWillChange] attribute should be used to temporarily suppress the notice in /home/akilimo/services/portal/wp-content/themes/kenta/lotta-framework/vendor/illuminate/container/Container.php on line 1231
[05-Dec-2024 10:05:11 UTC] PHP Deprecated:  Return type of Illuminate\Container\Container::offsetGet($key) should either be compatible with ArrayAccess::offsetGet(mixed $offset): mixed, or the #[\ReturnTypeWillChange] attribute should be used to temporarily suppress the notice in /home/akilimo/services/portal/wp-content/themes/kenta/lotta-framework/vendor/illuminate/container/Container.php on line 1242
[05-Dec-2024 10:05:11 UTC] PHP Deprecated:  Return type of Illuminate\Container\Container::offsetSet($key, $value) should either be compatible with ArrayAccess::offsetSet(mixed $offset, mixed $value): void, or the #[\ReturnTypeWillChange] attribute should be used to temporarily suppress the notice in /home/akilimo/services/portal/wp-content/themes/kenta/lotta-framework/vendor/illuminate/container/Container.php on line 1254
[05-Dec-2024 10:05:11 UTC] PHP Deprecated:  Return type of Illuminate\Container\Container::offsetUnset($key) should either be compatible with ArrayAccess::offsetUnset(mixed $offset): void, or the #[\ReturnTypeWillChange] attribute should be used to temporarily suppress the notice in /home/akilimo/services/portal/wp-content/themes/kenta/lotta-framework/vendor/illuminate/container/Container.php on line 1267
[05-Dec-2024 10:05:11 UTC] PHP Deprecated:  Creation of dynamic property YotuWP::$cache_timeout is deprecated in /home/akilimo/services/portal/wp-content/plugins/yotuwp-easy-youtube-embed/yotuwp.php on line 287
[05-Dec-2024 10:05:11 UTC] PHP Deprecated:  Creation of dynamic property YotuWP::$views is deprecated in /home/akilimo/services/portal/wp-content/plugins/yotuwp-easy-youtube-embed/yotuwp.php on line 391
[05-Dec-2024 10:05:11 UTC] PHP Deprecated:  Calling get_class() without arguments is deprecated in /home/akilimo/services/portal/wp-includes/class-wp-http.php on line 329
[05-Dec-2024 10:05:11 UTC] PHP Deprecated:  Creation of dynamic property DFlip::$settings_text is deprecated in /home/akilimo/services/portal/wp-content/plugins/3d-flipbook-dflip-lite/3d-flipbook-dflip-lite.php on line 98
[05-Dec-2024 10:05:11 UTC] PHP Deprecated:  Creation of dynamic property DFlip::$external_translate is deprecated in /home/akilimo/services/portal/wp-content/plugins/3d-flipbook-dflip-lite/3d-flipbook-dflip-lite.php on line 99
[05-Dec-2024 10:05:11 UTC] PHP Deprecated:  Creation of dynamic property Ays_Pb_Public::$settings is deprecated in /home/akilimo/services/portal/wp-content/plugins/ays-popup-box/public/class-ays-pb-public.php on line 55
[05-Dec-2024 10:05:11 UTC] PHP Deprecated:  Return type of KentaCompanion\Container\Container::offsetExists($key) should either be compatible with ArrayAccess::offsetExists(mixed $offset): bool, or the #[\ReturnTypeWillChange] attribute should be used to temporarily suppress the notice in /home/akilimo/services/portal/wp-content/plugins/kenta-companion/src/Container/Container.php on line 1224
[05-Dec-2024 10:05:11 UTC] PHP Deprecated:  Return type of KentaCompanion\Container\Container::offsetGet($key) should either be compatible with ArrayAccess::offsetGet(mixed $offset): mixed, or the #[\ReturnTypeWillChange] attribute should be used to temporarily suppress the notice in /home/akilimo/services/portal/wp-content/plugins/kenta-companion/src/Container/Container.php on line 1235
[05-Dec-2024 10:05:11 UTC] PHP Deprecated:  Return type of KentaCompanion\Container\Container::offsetSet($key, $value) should either be compatible with ArrayAccess::offsetSet(mixed $offset, mixed $value): void, or the #[\ReturnTypeWillChange] attribute should be used to temporarily suppress the notice in /home/akilimo/services/portal/wp-content/plugins/kenta-companion/src/Container/Container.php on line 1247
[05-Dec-2024 10:05:11 UTC] PHP Deprecated:  Return type of KentaCompanion\Container\Container::offsetUnset($key) should either be compatible with ArrayAccess::offsetUnset(mixed $offset): void, or the #[\ReturnTypeWillChange] attribute should be used to temporarily suppress the notice in /home/akilimo/services/portal/wp-content/plugins/kenta-companion/src/Container/Container.php on line 1260
[05-Dec-2024 10:05:11 UTC] PHP Deprecated:  Return type of Illuminate\Container\Container::offsetExists($key) should either be compatible with ArrayAccess::offsetExists(mixed $offset): bool, or the #[\ReturnTypeWillChange] attribute should be used to temporarily suppress the notice in /home/akilimo/services/portal/wp-content/themes/kenta/lotta-framework/vendor/illuminate/container/Container.php on line 1231
[05-Dec-2024 10:05:11 UTC] PHP Deprecated:  Return type of Illuminate\Container\Container::offsetGet($key) should either be compatible with ArrayAccess::offsetGet(mixed $offset): mixed, or the #[\ReturnTypeWillChange] attribute should be used to temporarily suppress the notice in /home/akilimo/services/portal/wp-content/themes/kenta/lotta-framework/vendor/illuminate/container/Container.php on line 1242
[05-Dec-2024 10:05:11 UTC] PHP Deprecated:  Return type of Illuminate\Container\Container::offsetSet($key, $value) should either be compatible with ArrayAccess::offsetSet(mixed $offset, mixed $value): void, or the #[\ReturnTypeWillChange] attribute should be used to temporarily suppress the notice in /home/akilimo/services/portal/wp-content/themes/kenta/lotta-framework/vendor/illuminate/container/Container.php on line 1254
[05-Dec-2024 10:05:11 UTC] PHP Deprecated:  Return type of Illuminate\Container\Container::offsetUnset($key) should either be compatible with ArrayAccess::offsetUnset(mixed $offset): void, or the #[\ReturnTypeWillChange] attribute should be used to temporarily suppress the notice in /home/akilimo/services/portal/wp-content/themes/kenta/lotta-framework/vendor/illuminate/container/Container.php on line 1267
[05-Dec-2024 10:05:11 UTC] PHP Deprecated:  Creation of dynamic property YotuWP::$cache_timeout is deprecated in /home/akilimo/services/portal/wp-content/plugins/yotuwp-easy-youtube-embed/yotuwp.php on line 287
[05-Dec-2024 10:05:11 UTC] PHP Deprecated:  Creation of dynamic property YotuWP::$views is deprecated in /home/akilimo/services/portal/wp-content/plugins/yotuwp-easy-youtube-embed/yotuwp.php on line 391
[05-Dec-2024 10:05:11 UTC] PHP Deprecated:  Calling get_class() without arguments is deprecated in /home/akilimo/services/portal/wp-includes/class-wp-http.php on line 329
[05-Dec-2024 10:05:11 UTC] PHP Deprecated:  Calling get_class() without arguments is deprecated in /home/akilimo/services/portal/wp-includes/class-wp-http.php on line 329
[05-Dec-2024 10:05:11 UTC] PHP Deprecated:  Calling get_class() without arguments is deprecated in /home/akilimo/services/portal/wp-includes/class-wp-http.php on line 329
[05-Dec-2024 10:05:11 UTC] PHP Deprecated:  Calling get_class() without arguments is deprecated in /home/akilimo/services/portal/wp-includes/class-wp-http.php on line 333
[05-Dec-2024 10:05:11 UTC] PHP Deprecated:  Calling get_class() without arguments is deprecated in /home/akilimo/services/portal/wp-includes/class-wp-http.php on line 329
[05-Dec-2024 10:05:11 UTC] PHP Deprecated:  Calling get_class() without arguments is deprecated in /home/akilimo/services/portal/wp-includes/class-wp-http.php on line 333
[05-Dec-2024 10:05:11 UTC] PHP Deprecated:  Calling get_class() without arguments is deprecated in /home/akilimo/services/portal/wp-includes/class-wp-http.php on line 329
[05-Dec-2024 10:05:11 UTC] PHP Deprecated:  Calling get_class() without arguments is deprecated in /home/akilimo/services/portal/wp-includes/class-wp-http.php on line 333
[05-Dec-2024 10:05:11 UTC] PHP Deprecated:  Calling get_class() without arguments is deprecated in /home/akilimo/services/portal/wp-includes/class-wp-http.php on line 329
[05-Dec-2024 10:05:11 UTC] PHP Deprecated:  Calling get_class() without arguments is deprecated in /home/akilimo/services/portal/wp-includes/class-wp-http.php on line 333
[05-Dec-2024 10:05:12 UTC] PHP Deprecated:  Calling get_class() without arguments is deprecated in /home/akilimo/services/portal/wp-includes/class-wp-http.php on line 329
[05-Dec-2024 10:05:12 UTC] PHP Deprecated:  Calling get_class() without arguments is deprecated in /home/akilimo/services/portal/wp-includes/class-wp-http.php on line 333
[05-Dec-2024 10:05:12 UTC] PHP Deprecated:  Calling get_class() without arguments is deprecated in /home/akilimo/services/portal/wp-includes/class-wp-http.php on line 329
[05-Dec-2024 10:05:12 UTC] PHP Deprecated:  Calling get_class() without arguments is deprecated in /home/akilimo/services/portal/wp-includes/class-wp-http.php on line 333
[05-Dec-2024 10:05:12 UTC] PHP Deprecated:  Calling get_class() without arguments is deprecated in /home/akilimo/services/portal/wp-includes/class-wp-http.php on line 329
[05-Dec-2024 10:05:12 UTC] PHP Deprecated:  Calling get_class() without arguments is deprecated in /home/akilimo/services/portal/wp-includes/class-wp-http.php on line 333
[05-Dec-2024 10:05:12 UTC] PHP Deprecated:  stripos(): Passing null to parameter #1 ($haystack) of type string is deprecated in /home/akilimo/services/portal/wp-includes/functions.wp-scripts.php on line 133
[05-Dec-2024 10:05:12 UTC] PHP Deprecated:  Calling get_class() without arguments is deprecated in /home/akilimo/services/portal/wp-includes/class-wp-http.php on line 329
[05-Dec-2024 10:05:12 UTC] PHP Deprecated:  Calling get_class() without arguments is deprecated in /home/akilimo/services/portal/wp-includes/class-wp-http.php on line 329
[05-Dec-2024 10:05:13 UTC] PHP Deprecated:  Creation of dynamic property DFlip::$settings_text is deprecated in /home/akilimo/services/portal/wp-content/plugins/3d-flipbook-dflip-lite/3d-flipbook-dflip-lite.php on line 98
[05-Dec-2024 10:05:13 UTC] PHP Deprecated:  Creation of dynamic property DFlip::$external_translate is deprecated in /home/akilimo/services/portal/wp-content/plugins/3d-flipbook-dflip-lite/3d-flipbook-dflip-lite.php on line 99
[05-Dec-2024 10:05:13 UTC] PHP Deprecated:  Creation of dynamic property Ays_Pb_Public::$settings is deprecated in /home/akilimo/services/portal/wp-content/plugins/ays-popup-box/public/class-ays-pb-public.php on line 55
[05-Dec-2024 10:05:13 UTC] PHP Deprecated:  Return type of KentaCompanion\Container\Container::offsetExists($key) should either be compatible with ArrayAccess::offsetExists(mixed $offset): bool, or the #[\ReturnTypeWillChange] attribute should be used to temporarily suppress the notice in /home/akilimo/services/portal/wp-content/plugins/kenta-companion/src/Container/Container.php on line 1224
[05-Dec-2024 10:05:13 UTC] PHP Deprecated:  Return type of KentaCompanion\Container\Container::offsetGet($key) should either be compatible with ArrayAccess::offsetGet(mixed $offset): mixed, or the #[\ReturnTypeWillChange] attribute should be used to temporarily suppress the notice in /home/akilimo/services/portal/wp-content/plugins/kenta-companion/src/Container/Container.php on line 1235
[05-Dec-2024 10:05:13 UTC] PHP Deprecated:  Return type of KentaCompanion\Container\Container::offsetSet($key, $value) should either be compatible with ArrayAccess::offsetSet(mixed $offset, mixed $value): void, or the #[\ReturnTypeWillChange] attribute should be used to temporarily suppress the notice in /home/akilimo/services/portal/wp-content/plugins/kenta-companion/src/Container/Container.php on line 1247
[05-Dec-2024 10:05:13 UTC] PHP Deprecated:  Return type of KentaCompanion\Container\Container::offsetUnset($key) should either be compatible with ArrayAccess::offsetUnset(mixed $offset): void, or the #[\ReturnTypeWillChange] attribute should be used to temporarily suppress the notice in /home/akilimo/services/portal/wp-content/plugins/kenta-companion/src/Container/Container.php on line 1260
[05-Dec-2024 10:05:13 UTC] PHP Deprecated:  Return type of Illuminate\Container\Container::offsetExists($key) should either be compatible with ArrayAccess::offsetExists(mixed $offset): bool, or the #[\ReturnTypeWillChange] attribute should be used to temporarily suppress the notice in /home/akilimo/services/portal/wp-content/themes/kenta/lotta-framework/vendor/illuminate/container/Container.php on line 1231
[05-Dec-2024 10:05:13 UTC] PHP Deprecated:  Return type of Illuminate\Container\Container::offsetGet($key) should either be compatible with ArrayAccess::offsetGet(mixed $offset): mixed, or the #[\ReturnTypeWillChange] attribute should be used to temporarily suppress the notice in /home/akilimo/services/portal/wp-content/themes/kenta/lotta-framework/vendor/illuminate/container/Container.php on line 1242
[05-Dec-2024 10:05:13 UTC] PHP Deprecated:  Return type of Illuminate\Container\Container::offsetSet($key, $value) should either be compatible with ArrayAccess::offsetSet(mixed $offset, mixed $value): void, or the #[\ReturnTypeWillChange] attribute should be used to temporarily suppress the notice in /home/akilimo/services/portal/wp-content/themes/kenta/lotta-framework/vendor/illuminate/container/Container.php on line 1254
[05-Dec-2024 10:05:13 UTC] PHP Deprecated:  Return type of Illuminate\Container\Container::offsetUnset($key) should either be compatible with ArrayAccess::offsetUnset(mixed $offset): void, or the #[\ReturnTypeWillChange] attribute should be used to temporarily suppress the notice in /home/akilimo/services/portal/wp-content/themes/kenta/lotta-framework/vendor/illuminate/container/Container.php on line 1267
[05-Dec-2024 10:05:13 UTC] PHP Deprecated:  Creation of dynamic property YotuWP::$cache_timeout is deprecated in /home/akilimo/services/portal/wp-content/plugins/yotuwp-easy-youtube-embed/yotuwp.php on line 287
[05-Dec-2024 10:05:13 UTC] PHP Deprecated:  Creation of dynamic property YotuWP::$views is deprecated in /home/akilimo/services/portal/wp-content/plugins/yotuwp-easy-youtube-embed/yotuwp.php on line 391
[05-Dec-2024 10:05:13 UTC] PHP Deprecated:  Calling get_class() without arguments is deprecated in /home/akilimo/services/portal/wp-includes/class-wp-http.php on line 329
[05-Dec-2024 10:05:13 UTC] PHP Deprecated:  Calling get_class() without arguments is deprecated in /home/akilimo/services/portal/wp-includes/class-wp-http.php on line 329
[05-Dec-2024 10:05:13 UTC] PHP Deprecated:  stripos(): Passing null to parameter #1 ($haystack) of type string is deprecated in /home/akilimo/services/portal/wp-includes/functions.wp-scripts.php on line 133
[05-Dec-2024 10:05:13 UTC] PHP Deprecated:  Calling get_class() without arguments is deprecated in /home/akilimo/services/portal/wp-includes/class-wp-http.php on line 329
[05-Dec-2024 10:05:13 UTC] PHP Deprecated:  Calling get_class() without arguments is deprecated in /home/akilimo/services/portal/wp-includes/class-wp-http.php on line 329
[05-Dec-2024 10:05:14 UTC] PHP Deprecated:  Calling get_class() without arguments is deprecated in /home/akilimo/services/portal/wp-includes/class-wp-http.php on line 329
[05-Dec-2024 10:05:14 UTC] PHP Deprecated:  Calling get_class() without arguments is deprecated in /home/akilimo/services/portal/wp-includes/class-wp-http.php on line 329
[05-Dec-2024 10:05:15 UTC] PHP Deprecated:  Creation of dynamic property DFlip::$settings_text is deprecated in /home/akilimo/services/portal/wp-content/plugins/3d-flipbook-dflip-lite/3d-flipbook-dflip-lite.php on line 98
[05-Dec-2024 10:05:15 UTC] PHP Deprecated:  Creation of dynamic property DFlip::$external_translate is deprecated in /home/akilimo/services/portal/wp-content/plugins/3d-flipbook-dflip-lite/3d-flipbook-dflip-lite.php on line 99
[05-Dec-2024 10:05:15 UTC] PHP Deprecated:  Creation of dynamic property Ays_Pb_Public::$settings is deprecated in /home/akilimo/services/portal/wp-content/plugins/ays-popup-box/public/class-ays-pb-public.php on line 55
[05-Dec-2024 10:05:15 UTC] PHP Deprecated:  Return type of KentaCompanion\Container\Container::offsetExists($key) should either be compatible with ArrayAccess::offsetExists(mixed $offset): bool, or the #[\ReturnTypeWillChange] attribute should be used to temporarily suppress the notice in /home/akilimo/services/portal/wp-content/plugins/kenta-companion/src/Container/Container.php on line 1224
[05-Dec-2024 10:05:15 UTC] PHP Deprecated:  Return type of KentaCompanion\Container\Container::offsetGet($key) should either be compatible with ArrayAccess::offsetGet(mixed $offset): mixed, or the #[\ReturnTypeWillChange] attribute should be used to temporarily suppress the notice in /home/akilimo/services/portal/wp-content/plugins/kenta-companion/src/Container/Container.php on line 1235
[05-Dec-2024 10:05:15 UTC] PHP Deprecated:  Return type of KentaCompanion\Container\Container::offsetSet($key, $value) should either be compatible with ArrayAccess::offsetSet(mixed $offset, mixed $value): void, or the #[\ReturnTypeWillChange] attribute should be used to temporarily suppress the notice in /home/akilimo/services/portal/wp-content/plugins/kenta-companion/src/Container/Container.php on line 1247
[05-Dec-2024 10:05:15 UTC] PHP Deprecated:  Return type of KentaCompanion\Container\Container::offsetUnset($key) should either be compatible with ArrayAccess::offsetUnset(mixed $offset): void, or the #[\ReturnTypeWillChange] attribute should be used to temporarily suppress the notice in /home/akilimo/services/portal/wp-content/plugins/kenta-companion/src/Container/Container.php on line 1260
[05-Dec-2024 10:05:15 UTC] PHP Deprecated:  Return type of Illuminate\Container\Container::offsetExists($key) should either be compatible with ArrayAccess::offsetExists(mixed $offset): bool, or the #[\ReturnTypeWillChange] attribute should be used to temporarily suppress the notice in /home/akilimo/services/portal/wp-content/themes/kenta/lotta-framework/vendor/illuminate/container/Container.php on line 1231
[05-Dec-2024 10:05:15 UTC] PHP Deprecated:  Return type of Illuminate\Container\Container::offsetGet($key) should either be compatible with ArrayAccess::offsetGet(mixed $offset): mixed, or the #[\ReturnTypeWillChange] attribute should be used to temporarily suppress the notice in /home/akilimo/services/portal/wp-content/themes/kenta/lotta-framework/vendor/illuminate/container/Container.php on line 1242
[05-Dec-2024 10:05:15 UTC] PHP Deprecated:  Return type of Illuminate\Container\Container::offsetSet($key, $value) should either be compatible with ArrayAccess::offsetSet(mixed $offset, mixed $value): void, or the #[\ReturnTypeWillChange] attribute should be used to temporarily suppress the notice in /home/akilimo/services/portal/wp-content/themes/kenta/lotta-framework/vendor/illuminate/container/Container.php on line 1254
[05-Dec-2024 10:05:15 UTC] PHP Deprecated:  Return type of Illuminate\Container\Container::offsetUnset($key) should either be compatible with ArrayAccess::offsetUnset(mixed $offset): void, or the #[\ReturnTypeWillChange] attribute should be used to temporarily suppress the notice in /home/akilimo/services/portal/wp-content/themes/kenta/lotta-framework/vendor/illuminate/container/Container.php on line 1267
[05-Dec-2024 10:05:15 UTC] PHP Deprecated:  Creation of dynamic property YotuWP::$cache_timeout is deprecated in /home/akilimo/services/portal/wp-content/plugins/yotuwp-easy-youtube-embed/yotuwp.php on line 287
[05-Dec-2024 10:05:15 UTC] PHP Deprecated:  Creation of dynamic property YotuWP::$views is deprecated in /home/akilimo/services/portal/wp-content/plugins/yotuwp-easy-youtube-embed/yotuwp.php on line 391
[05-Dec-2024 10:05:15 UTC] PHP Deprecated:  Calling get_class() without arguments is deprecated in /home/akilimo/services/portal/wp-includes/class-wp-http.php on line 329
[05-Dec-2024 10:05:15 UTC] PHP Deprecated:  Creation of dynamic property DFlip::$settings_text is deprecated in /home/akilimo/services/portal/wp-content/plugins/3d-flipbook-dflip-lite/3d-flipbook-dflip-lite.php on line 98
[05-Dec-2024 10:05:15 UTC] PHP Deprecated:  Creation of dynamic property DFlip::$external_translate is deprecated in /home/akilimo/services/portal/wp-content/plugins/3d-flipbook-dflip-lite/3d-flipbook-dflip-lite.php on line 99
[05-Dec-2024 10:05:15 UTC] PHP Deprecated:  Creation of dynamic property Ays_Pb_Public::$settings is deprecated in /home/akilimo/services/portal/wp-content/plugins/ays-popup-box/public/class-ays-pb-public.php on line 55
[05-Dec-2024 10:05:15 UTC] PHP Deprecated:  Return type of KentaCompanion\Container\Container::offsetExists($key) should either be compatible with ArrayAccess::offsetExists(mixed $offset): bool, or the #[\ReturnTypeWillChange] attribute should be used to temporarily suppress the notice in /home/akilimo/services/portal/wp-content/plugins/kenta-companion/src/Container/Container.php on line 1224
[05-Dec-2024 10:05:15 UTC] PHP Deprecated:  Return type of KentaCompanion\Container\Container::offsetGet($key) should either be compatible with ArrayAccess::offsetGet(mixed $offset): mixed, or the #[\ReturnTypeWillChange] attribute should be used to temporarily suppress the notice in /home/akilimo/services/portal/wp-content/plugins/kenta-companion/src/Container/Container.php on line 1235
[05-Dec-2024 10:05:15 UTC] PHP Deprecated:  Return type of KentaCompanion\Container\Container::offsetSet($key, $value) should either be compatible with ArrayAccess::offsetSet(mixed $offset, mixed $value): void, or the #[\ReturnTypeWillChange] attribute should be used to temporarily suppress the notice in /home/akilimo/services/portal/wp-content/plugins/kenta-companion/src/Container/Container.php on line 1247
[05-Dec-2024 10:05:15 UTC] PHP Deprecated:  Return type of KentaCompanion\Container\Container::offsetUnset($key) should either be compatible with ArrayAccess::offsetUnset(mixed $offset): void, or the #[\ReturnTypeWillChange] attribute should be used to temporarily suppress the notice in /home/akilimo/services/portal/wp-content/plugins/kenta-companion/src/Container/Container.php on line 1260
[05-Dec-2024 10:05:15 UTC] PHP Deprecated:  Return type of Illuminate\Container\Container::offsetExists($key) should either be compatible with ArrayAccess::offsetExists(mixed $offset): bool, or the #[\ReturnTypeWillChange] attribute should be used to temporarily suppress the notice in /home/akilimo/services/portal/wp-content/themes/kenta/lotta-framework/vendor/illuminate/container/Container.php on line 1231
[05-Dec-2024 10:05:15 UTC] PHP Deprecated:  Return type of Illuminate\Container\Container::offsetGet($key) should either be compatible with ArrayAccess::offsetGet(mixed $offset): mixed, or the #[\ReturnTypeWillChange] attribute should be used to temporarily suppress the notice in /home/akilimo/services/portal/wp-content/themes/kenta/lotta-framework/vendor/illuminate/container/Container.php on line 1242
[05-Dec-2024 10:05:15 UTC] PHP Deprecated:  Return type of Illuminate\Container\Container::offsetSet($key, $value) should either be compatible with ArrayAccess::offsetSet(mixed $offset, mixed $value): void, or the #[\ReturnTypeWillChange] attribute should be used to temporarily suppress the notice in /home/akilimo/services/portal/wp-content/themes/kenta/lotta-framework/vendor/illuminate/container/Container.php on line 1254
[05-Dec-2024 10:05:15 UTC] PHP Deprecated:  Return type of Illuminate\Container\Container::offsetUnset($key) should either be compatible with ArrayAccess::offsetUnset(mixed $offset): void, or the #[\ReturnTypeWillChange] attribute should be used to temporarily suppress the notice in /home/akilimo/services/portal/wp-content/themes/kenta/lotta-framework/vendor/illuminate/container/Container.php on line 1267
[05-Dec-2024 10:05:15 UTC] PHP Deprecated:  Creation of dynamic property YotuWP::$cache_timeout is deprecated in /home/akilimo/services/portal/wp-content/plugins/yotuwp-easy-youtube-embed/yotuwp.php on line 287
[05-Dec-2024 10:05:15 UTC] PHP Deprecated:  Creation of dynamic property YotuWP::$views is deprecated in /home/akilimo/services/portal/wp-content/plugins/yotuwp-easy-youtube-embed/yotuwp.php on line 391
[05-Dec-2024 10:05:15 UTC] PHP Deprecated:  Calling get_class() without arguments is deprecated in /home/akilimo/services/portal/wp-includes/class-wp-http.php on line 329
[05-Dec-2024 10:05:15 UTC] PHP Deprecated:  stripos(): Passing null to parameter #1 ($haystack) of type string is deprecated in /home/akilimo/services/portal/wp-includes/functions.wp-scripts.php on line 133
[05-Dec-2024 10:05:15 UTC] PHP Deprecated:  Calling get_class() without arguments is deprecated in /home/akilimo/services/portal/wp-includes/class-wp-http.php on line 329
[05-Dec-2024 10:05:16 UTC] PHP Deprecated:  Calling get_class() without arguments is deprecated in /home/akilimo/services/portal/wp-includes/class-wp-http.php on line 329
[05-Dec-2024 10:05:16 UTC] PHP Deprecated:  Calling get_class() without arguments is deprecated in /home/akilimo/services/portal/wp-includes/class-wp-http.php on line 329
[05-Dec-2024 10:05:16 UTC] PHP Deprecated:  Calling get_class() without arguments is deprecated in /home/akilimo/services/portal/wp-includes/class-wp-http.php on line 329
[05-Dec-2024 10:05:16 UTC] PHP Deprecated:  Calling get_class() without arguments is deprecated in /home/akilimo/services/portal/wp-includes/class-wp-http.php on line 329
[05-Dec-2024 10:05:16 UTC] PHP Deprecated:  Creation of dynamic property DFlip::$settings_text is deprecated in /home/akilimo/services/portal/wp-content/plugins/3d-flipbook-dflip-lite/3d-flipbook-dflip-lite.php on line 98
[05-Dec-2024 10:05:16 UTC] PHP Deprecated:  Creation of dynamic property DFlip::$external_translate is deprecated in /home/akilimo/services/portal/wp-content/plugins/3d-flipbook-dflip-lite/3d-flipbook-dflip-lite.php on line 99
[05-Dec-2024 10:05:16 UTC] PHP Deprecated:  Creation of dynamic property Ays_Pb_Public::$settings is deprecated in /home/akilimo/services/portal/wp-content/plugins/ays-popup-box/public/class-ays-pb-public.php on line 55
[05-Dec-2024 10:05:16 UTC] PHP Deprecated:  Return type of KentaCompanion\Container\Container::offsetExists($key) should either be compatible with ArrayAccess::offsetExists(mixed $offset): bool, or the #[\ReturnTypeWillChange] attribute should be used to temporarily suppress the notice in /home/akilimo/services/portal/wp-content/plugins/kenta-companion/src/Container/Container.php on line 1224
[05-Dec-2024 10:05:16 UTC] PHP Deprecated:  Return type of KentaCompanion\Container\Container::offsetGet($key) should either be compatible with ArrayAccess::offsetGet(mixed $offset): mixed, or the #[\ReturnTypeWillChange] attribute should be used to temporarily suppress the notice in /home/akilimo/services/portal/wp-content/plugins/kenta-companion/src/Container/Container.php on line 1235
[05-Dec-2024 10:05:16 UTC] PHP Deprecated:  Return type of KentaCompanion\Container\Container::offsetSet($key, $value) should either be compatible with ArrayAccess::offsetSet(mixed $offset, mixed $value): void, or the #[\ReturnTypeWillChange] attribute should be used to temporarily suppress the notice in /home/akilimo/services/portal/wp-content/plugins/kenta-companion/src/Container/Container.php on line 1247
[05-Dec-2024 10:05:16 UTC] PHP Deprecated:  Return type of KentaCompanion\Container\Container::offsetUnset($key) should either be compatible with ArrayAccess::offsetUnset(mixed $offset): void, or the #[\ReturnTypeWillChange] attribute should be used to temporarily suppress the notice in /home/akilimo/services/portal/wp-content/plugins/kenta-companion/src/Container/Container.php on line 1260
[05-Dec-2024 10:05:16 UTC] PHP Deprecated:  Return type of Illuminate\Container\Container::offsetExists($key) should either be compatible with ArrayAccess::offsetExists(mixed $offset): bool, or the #[\ReturnTypeWillChange] attribute should be used to temporarily suppress the notice in /home/akilimo/services/portal/wp-content/themes/kenta/lotta-framework/vendor/illuminate/container/Container.php on line 1231
[05-Dec-2024 10:05:16 UTC] PHP Deprecated:  Return type of Illuminate\Container\Container::offsetGet($key) should either be compatible with ArrayAccess::offsetGet(mixed $offset): mixed, or the #[\ReturnTypeWillChange] attribute should be used to temporarily suppress the notice in /home/akilimo/services/portal/wp-content/themes/kenta/lotta-framework/vendor/illuminate/container/Container.php on line 1242
[05-Dec-2024 10:05:16 UTC] PHP Deprecated:  Return type of Illuminate\Container\Container::offsetSet($key, $value) should either be compatible with ArrayAccess::offsetSet(mixed $offset, mixed $value): void, or the #[\ReturnTypeWillChange] attribute should be used to temporarily suppress the notice in /home/akilimo/services/portal/wp-content/themes/kenta/lotta-framework/vendor/illuminate/container/Container.php on line 1254
[05-Dec-2024 10:05:16 UTC] PHP Deprecated:  Return type of Illuminate\Container\Container::offsetUnset($key) should either be compatible with ArrayAccess::offsetUnset(mixed $offset): void, or the #[\ReturnTypeWillChange] attribute should be used to temporarily suppress the notice in /home/akilimo/services/portal/wp-content/themes/kenta/lotta-framework/vendor/illuminate/container/Container.php on line 1267
[05-Dec-2024 10:05:16 UTC] PHP Deprecated:  Creation of dynamic property YotuWP::$cache_timeout is deprecated in /home/akilimo/services/portal/wp-content/plugins/yotuwp-easy-youtube-embed/yotuwp.php on line 287
[05-Dec-2024 10:05:16 UTC] PHP Deprecated:  Creation of dynamic property YotuWP::$views is deprecated in /home/akilimo/services/portal/wp-content/plugins/yotuwp-easy-youtube-embed/yotuwp.php on line 391
[05-Dec-2024 10:05:16 UTC] PHP Deprecated:  Calling get_class() without arguments is deprecated in /home/akilimo/services/portal/wp-includes/class-wp-http.php on line 329
[05-Dec-2024 10:05:17 UTC] PHP Deprecated:  Calling get_class() without arguments is deprecated in /home/akilimo/services/portal/wp-includes/class-wp-http.php on line 329
[05-Dec-2024 10:05:17 UTC] PHP Deprecated:  Calling get_class() without arguments is deprecated in /home/akilimo/services/portal/wp-includes/class-wp-http.php on line 329
[05-Dec-2024 10:05:17 UTC] PHP Deprecated:  Calling get_class() without arguments is deprecated in /home/akilimo/services/portal/wp-includes/class-wp-http.php on line 329
[05-Dec-2024 10:05:17 UTC] PHP Deprecated:  Calling get_class() without arguments is deprecated in /home/akilimo/services/portal/wp-includes/class-wp-http.php on line 329
[05-Dec-2024 10:05:18 UTC] PHP Deprecated:  Creation of dynamic property DFlip::$settings_text is deprecated in /home/akilimo/services/portal/wp-content/plugins/3d-flipbook-dflip-lite/3d-flipbook-dflip-lite.php on line 98
[05-Dec-2024 10:05:18 UTC] PHP Deprecated:  Creation of dynamic property DFlip::$external_translate is deprecated in /home/akilimo/services/portal/wp-content/plugins/3d-flipbook-dflip-lite/3d-flipbook-dflip-lite.php on line 99
[05-Dec-2024 10:05:18 UTC] PHP Deprecated:  Creation of dynamic property Ays_Pb_Public::$settings is deprecated in /home/akilimo/services/portal/wp-content/plugins/ays-popup-box/public/class-ays-pb-public.php on line 55
[05-Dec-2024 10:05:18 UTC] PHP Deprecated:  Return type of KentaCompanion\Container\Container::offsetExists($key) should either be compatible with ArrayAccess::offsetExists(mixed $offset): bool, or the #[\ReturnTypeWillChange] attribute should be used to temporarily suppress the notice in /home/akilimo/services/portal/wp-content/plugins/kenta-companion/src/Container/Container.php on line 1224
[05-Dec-2024 10:05:18 UTC] PHP Deprecated:  Return type of KentaCompanion\Container\Container::offsetGet($key) should either be compatible with ArrayAccess::offsetGet(mixed $offset): mixed, or the #[\ReturnTypeWillChange] attribute should be used to temporarily suppress the notice in /home/akilimo/services/portal/wp-content/plugins/kenta-companion/src/Container/Container.php on line 1235
[05-Dec-2024 10:05:18 UTC] PHP Deprecated:  Return type of KentaCompanion\Container\Container::offsetSet($key, $value) should either be compatible with ArrayAccess::offsetSet(mixed $offset, mixed $value): void, or the #[\ReturnTypeWillChange] attribute should be used to temporarily suppress the notice in /home/akilimo/services/portal/wp-content/plugins/kenta-companion/src/Container/Container.php on line 1247
[05-Dec-2024 10:05:18 UTC] PHP Deprecated:  Return type of KentaCompanion\Container\Container::offsetUnset($key) should either be compatible with ArrayAccess::offsetUnset(mixed $offset): void, or the #[\ReturnTypeWillChange] attribute should be used to temporarily suppress the notice in /home/akilimo/services/portal/wp-content/plugins/kenta-companion/src/Container/Container.php on line 1260
[05-Dec-2024 10:05:18 UTC] PHP Deprecated:  Return type of Illuminate\Container\Container::offsetExists($key) should either be compatible with ArrayAccess::offsetExists(mixed $offset): bool, or the #[\ReturnTypeWillChange] attribute should be used to temporarily suppress the notice in /home/akilimo/services/portal/wp-content/themes/kenta/lotta-framework/vendor/illuminate/container/Container.php on line 1231
[05-Dec-2024 10:05:18 UTC] PHP Deprecated:  Return type of Illuminate\Container\Container::offsetGet($key) should either be compatible with ArrayAccess::offsetGet(mixed $offset): mixed, or the #[\ReturnTypeWillChange] attribute should be used to temporarily suppress the notice in /home/akilimo/services/portal/wp-content/themes/kenta/lotta-framework/vendor/illuminate/container/Container.php on line 1242
[05-Dec-2024 10:05:18 UTC] PHP Deprecated:  Return type of Illuminate\Container\Container::offsetSet($key, $value) should either be compatible with ArrayAccess::offsetSet(mixed $offset, mixed $value): void, or the #[\ReturnTypeWillChange] attribute should be used to temporarily suppress the notice in /home/akilimo/services/portal/wp-content/themes/kenta/lotta-framework/vendor/illuminate/container/Container.php on line 1254
[05-Dec-2024 10:05:18 UTC] PHP Deprecated:  Return type of Illuminate\Container\Container::offsetUnset($key) should either be compatible with ArrayAccess::offsetUnset(mixed $offset): void, or the #[\ReturnTypeWillChange] attribute should be used to temporarily suppress the notice in /home/akilimo/services/portal/wp-content/themes/kenta/lotta-framework/vendor/illuminate/container/Container.php on line 1267
[05-Dec-2024 10:05:18 UTC] PHP Deprecated:  Creation of dynamic property YotuWP::$cache_timeout is deprecated in /home/akilimo/services/portal/wp-content/plugins/yotuwp-easy-youtube-embed/yotuwp.php on line 287
[05-Dec-2024 10:05:18 UTC] PHP Deprecated:  Creation of dynamic property YotuWP::$views is deprecated in /home/akilimo/services/portal/wp-content/plugins/yotuwp-easy-youtube-embed/yotuwp.php on line 391
[05-Dec-2024 10:05:18 UTC] PHP Deprecated:  stripos(): Passing null to parameter #1 ($haystack) of type string is deprecated in /home/akilimo/services/portal/wp-includes/functions.wp-scripts.php on line 133
[05-Dec-2024 10:05:18 UTC] PHP Deprecated:  Calling get_class() without arguments is deprecated in /home/akilimo/services/portal/wp-includes/class-wp-http.php on line 329
[05-Dec-2024 10:05:18 UTC] PHP Deprecated:  Creation of dynamic property DFlip::$settings_text is deprecated in /home/akilimo/services/portal/wp-content/plugins/3d-flipbook-dflip-lite/3d-flipbook-dflip-lite.php on line 98
[05-Dec-2024 10:05:18 UTC] PHP Deprecated:  Creation of dynamic property DFlip::$external_translate is deprecated in /home/akilimo/services/portal/wp-content/plugins/3d-flipbook-dflip-lite/3d-flipbook-dflip-lite.php on line 99
[05-Dec-2024 10:05:18 UTC] PHP Deprecated:  Creation of dynamic property Ays_Pb_Public::$settings is deprecated in /home/akilimo/services/portal/wp-content/plugins/ays-popup-box/public/class-ays-pb-public.php on line 55
[05-Dec-2024 10:05:18 UTC] PHP Deprecated:  Return type of KentaCompanion\Container\Container::offsetExists($key) should either be compatible with ArrayAccess::offsetExists(mixed $offset): bool, or the #[\ReturnTypeWillChange] attribute should be used to temporarily suppress the notice in /home/akilimo/services/portal/wp-content/plugins/kenta-companion/src/Container/Container.php on line 1224
[05-Dec-2024 10:05:18 UTC] PHP Deprecated:  Return type of KentaCompanion\Container\Container::offsetGet($key) should either be compatible with ArrayAccess::offsetGet(mixed $offset): mixed, or the #[\ReturnTypeWillChange] attribute should be used to temporarily suppress the notice in /home/akilimo/services/portal/wp-content/plugins/kenta-companion/src/Container/Container.php on line 1235
[05-Dec-2024 10:05:18 UTC] PHP Deprecated:  Return type of KentaCompanion\Container\Container::offsetSet($key, $value) should either be compatible with ArrayAccess::offsetSet(mixed $offset, mixed $value): void, or the #[\ReturnTypeWillChange] attribute should be used to temporarily suppress the notice in /home/akilimo/services/portal/wp-content/plugins/kenta-companion/src/Container/Container.php on line 1247
[05-Dec-2024 10:05:18 UTC] PHP Deprecated:  Return type of KentaCompanion\Container\Container::offsetUnset($key) should either be compatible with ArrayAccess::offsetUnset(mixed $offset): void, or the #[\ReturnTypeWillChange] attribute should be used to temporarily suppress the notice in /home/akilimo/services/portal/wp-content/plugins/kenta-companion/src/Container/Container.php on line 1260
[05-Dec-2024 10:05:18 UTC] PHP Deprecated:  Return type of Illuminate\Container\Container::offsetExists($key) should either be compatible with ArrayAccess::offsetExists(mixed $offset): bool, or the #[\ReturnTypeWillChange] attribute should be used to temporarily suppress the notice in /home/akilimo/services/portal/wp-content/themes/kenta/lotta-framework/vendor/illuminate/container/Container.php on line 1231
[05-Dec-2024 10:05:18 UTC] PHP Deprecated:  Return type of Illuminate\Container\Container::offsetGet($key) should either be compatible with ArrayAccess::offsetGet(mixed $offset): mixed, or the #[\ReturnTypeWillChange] attribute should be used to temporarily suppress the notice in /home/akilimo/services/portal/wp-content/themes/kenta/lotta-framework/vendor/illuminate/container/Container.php on line 1242
[05-Dec-2024 10:05:18 UTC] PHP Deprecated:  Return type of Illuminate\Container\Container::offsetSet($key, $value) should either be compatible with ArrayAccess::offsetSet(mixed $offset, mixed $value): void, or the #[\ReturnTypeWillChange] attribute should be used to temporarily suppress the notice in /home/akilimo/services/portal/wp-content/themes/kenta/lotta-framework/vendor/illuminate/container/Container.php on line 1254
[05-Dec-2024 10:05:18 UTC] PHP Deprecated:  Return type of Illuminate\Container\Container::offsetUnset($key) should either be compatible with ArrayAccess::offsetUnset(mixed $offset): void, or the #[\ReturnTypeWillChange] attribute should be used to temporarily suppress the notice in /home/akilimo/services/portal/wp-content/themes/kenta/lotta-framework/vendor/illuminate/container/Container.php on line 1267
[05-Dec-2024 10:05:18 UTC] PHP Deprecated:  Creation of dynamic property YotuWP::$cache_timeout is deprecated in /home/akilimo/services/portal/wp-content/plugins/yotuwp-easy-youtube-embed/yotuwp.php on line 287
[05-Dec-2024 10:05:18 UTC] PHP Deprecated:  Creation of dynamic property YotuWP::$views is deprecated in /home/akilimo/services/portal/wp-content/plugins/yotuwp-easy-youtube-embed/yotuwp.php on line 391
[05-Dec-2024 10:05:18 UTC] PHP Deprecated:  stripos(): Passing null to parameter #1 ($haystack) of type string is deprecated in /home/akilimo/services/portal/wp-includes/functions.wp-scripts.php on line 133
[05-Dec-2024 10:05:18 UTC] PHP Deprecated:  Calling get_class() without arguments is deprecated in /home/akilimo/services/portal/wp-includes/class-wp-http.php on line 329
[05-Dec-2024 10:05:18 UTC] PHP Deprecated:  Creation of dynamic property DFlip::$settings_text is deprecated in /home/akilimo/services/portal/wp-content/plugins/3d-flipbook-dflip-lite/3d-flipbook-dflip-lite.php on line 98
[05-Dec-2024 10:05:18 UTC] PHP Deprecated:  Creation of dynamic property DFlip::$external_translate is deprecated in /home/akilimo/services/portal/wp-content/plugins/3d-flipbook-dflip-lite/3d-flipbook-dflip-lite.php on line 99
[05-Dec-2024 10:05:18 UTC] PHP Deprecated:  Creation of dynamic property Ays_Pb_Public::$settings is deprecated in /home/akilimo/services/portal/wp-content/plugins/ays-popup-box/public/class-ays-pb-public.php on line 55
[05-Dec-2024 10:05:18 UTC] PHP Deprecated:  Return type of KentaCompanion\Container\Container::offsetExists($key) should either be compatible with ArrayAccess::offsetExists(mixed $offset): bool, or the #[\ReturnTypeWillChange] attribute should be used to temporarily suppress the notice in /home/akilimo/services/portal/wp-content/plugins/kenta-companion/src/Container/Container.php on line 1224
[05-Dec-2024 10:05:18 UTC] PHP Deprecated:  Return type of KentaCompanion\Container\Container::offsetGet($key) should either be compatible with ArrayAccess::offsetGet(mixed $offset): mixed, or the #[\ReturnTypeWillChange] attribute should be used to temporarily suppress the notice in /home/akilimo/services/portal/wp-content/plugins/kenta-companion/src/Container/Container.php on line 1235
[05-Dec-2024 10:05:18 UTC] PHP Deprecated:  Return type of KentaCompanion\Container\Container::offsetSet($key, $value) should either be compatible with ArrayAccess::offsetSet(mixed $offset, mixed $value): void, or the #[\ReturnTypeWillChange] attribute should be used to temporarily suppress the notice in /home/akilimo/services/portal/wp-content/plugins/kenta-companion/src/Container/Container.php on line 1247
[05-Dec-2024 10:05:18 UTC] PHP Deprecated:  Return type of KentaCompanion\Container\Container::offsetUnset($key) should either be compatible with ArrayAccess::offsetUnset(mixed $offset): void, or the #[\ReturnTypeWillChange] attribute should be used to temporarily suppress the notice in /home/akilimo/services/portal/wp-content/plugins/kenta-companion/src/Container/Container.php on line 1260
[05-Dec-2024 10:05:18 UTC] PHP Deprecated:  Return type of Illuminate\Container\Container::offsetExists($key) should either be compatible with ArrayAccess::offsetExists(mixed $offset): bool, or the #[\ReturnTypeWillChange] attribute should be used to temporarily suppress the notice in /home/akilimo/services/portal/wp-content/themes/kenta/lotta-framework/vendor/illuminate/container/Container.php on line 1231
[05-Dec-2024 10:05:18 UTC] PHP Deprecated:  Return type of Illuminate\Container\Container::offsetGet($key) should either be compatible with ArrayAccess::offsetGet(mixed $offset): mixed, or the #[\ReturnTypeWillChange] attribute should be used to temporarily suppress the notice in /home/akilimo/services/portal/wp-content/themes/kenta/lotta-framework/vendor/illuminate/container/Container.php on line 1242
[05-Dec-2024 10:05:18 UTC] PHP Deprecated:  Return type of Illuminate\Container\Container::offsetSet($key, $value) should either be compatible with ArrayAccess::offsetSet(mixed $offset, mixed $value): void, or the #[\ReturnTypeWillChange] attribute should be used to temporarily suppress the notice in /home/akilimo/services/portal/wp-content/themes/kenta/lotta-framework/vendor/illuminate/container/Container.php on line 1254
[05-Dec-2024 10:05:18 UTC] PHP Deprecated:  Return type of Illuminate\Container\Container::offsetUnset($key) should either be compatible with ArrayAccess::offsetUnset(mixed $offset): void, or the #[\ReturnTypeWillChange] attribute should be used to temporarily suppress the notice in /home/akilimo/services/portal/wp-content/themes/kenta/lotta-framework/vendor/illuminate/container/Container.php on line 1267
[05-Dec-2024 10:05:18 UTC] PHP Deprecated:  Creation of dynamic property YotuWP::$cache_timeout is deprecated in /home/akilimo/services/portal/wp-content/plugins/yotuwp-easy-youtube-embed/yotuwp.php on line 287
[05-Dec-2024 10:05:18 UTC] PHP Deprecated:  Creation of dynamic property YotuWP::$views is deprecated in /home/akilimo/services/portal/wp-content/plugins/yotuwp-easy-youtube-embed/yotuwp.php on line 391
[05-Dec-2024 10:05:19 UTC] PHP Deprecated:  stripos(): Passing null to parameter #1 ($haystack) of type string is deprecated in /home/akilimo/services/portal/wp-includes/functions.wp-scripts.php on line 133
[05-Dec-2024 10:05:19 UTC] PHP Deprecated:  Calling get_class() without arguments is deprecated in /home/akilimo/services/portal/wp-includes/class-wp-http.php on line 329
[05-Dec-2024 10:05:19 UTC] PHP Deprecated:  Creation of dynamic property DFlip::$settings_text is deprecated in /home/akilimo/services/portal/wp-content/plugins/3d-flipbook-dflip-lite/3d-flipbook-dflip-lite.php on line 98
[05-Dec-2024 10:05:19 UTC] PHP Deprecated:  Creation of dynamic property DFlip::$external_translate is deprecated in /home/akilimo/services/portal/wp-content/plugins/3d-flipbook-dflip-lite/3d-flipbook-dflip-lite.php on line 99
[05-Dec-2024 10:05:19 UTC] PHP Deprecated:  Creation of dynamic property Ays_Pb_Public::$settings is deprecated in /home/akilimo/services/portal/wp-content/plugins/ays-popup-box/public/class-ays-pb-public.php on line 55
[05-Dec-2024 10:05:19 UTC] PHP Deprecated:  Return type of KentaCompanion\Container\Container::offsetExists($key) should either be compatible with ArrayAccess::offsetExists(mixed $offset): bool, or the #[\ReturnTypeWillChange] attribute should be used to temporarily suppress the notice in /home/akilimo/services/portal/wp-content/plugins/kenta-companion/src/Container/Container.php on line 1224
[05-Dec-2024 10:05:19 UTC] PHP Deprecated:  Return type of KentaCompanion\Container\Container::offsetGet($key) should either be compatible with ArrayAccess::offsetGet(mixed $offset): mixed, or the #[\ReturnTypeWillChange] attribute should be used to temporarily suppress the notice in /home/akilimo/services/portal/wp-content/plugins/kenta-companion/src/Container/Container.php on line 1235
[05-Dec-2024 10:05:19 UTC] PHP Deprecated:  Return type of KentaCompanion\Container\Container::offsetSet($key, $value) should either be compatible with ArrayAccess::offsetSet(mixed $offset, mixed $value): void, or the #[\ReturnTypeWillChange] attribute should be used to temporarily suppress the notice in /home/akilimo/services/portal/wp-content/plugins/kenta-companion/src/Container/Container.php on line 1247
[05-Dec-2024 10:05:19 UTC] PHP Deprecated:  Return type of KentaCompanion\Container\Container::offsetUnset($key) should either be compatible with ArrayAccess::offsetUnset(mixed $offset): void, or the #[\ReturnTypeWillChange] attribute should be used to temporarily suppress the notice in /home/akilimo/services/portal/wp-content/plugins/kenta-companion/src/Container/Container.php on line 1260
[05-Dec-2024 10:05:19 UTC] PHP Deprecated:  Return type of Illuminate\Container\Container::offsetExists($key) should either be compatible with ArrayAccess::offsetExists(mixed $offset): bool, or the #[\ReturnTypeWillChange] attribute should be used to temporarily suppress the notice in /home/akilimo/services/portal/wp-content/themes/kenta/lotta-framework/vendor/illuminate/container/Container.php on line 1231
[05-Dec-2024 10:05:19 UTC] PHP Deprecated:  Return type of Illuminate\Container\Container::offsetGet($key) should either be compatible with ArrayAccess::offsetGet(mixed $offset): mixed, or the #[\ReturnTypeWillChange] attribute should be used to temporarily suppress the notice in /home/akilimo/services/portal/wp-content/themes/kenta/lotta-framework/vendor/illuminate/container/Container.php on line 1242
[05-Dec-2024 10:05:19 UTC] PHP Deprecated:  Return type of Illuminate\Container\Container::offsetSet($key, $value) should either be compatible with ArrayAccess::offsetSet(mixed $offset, mixed $value): void, or the #[\ReturnTypeWillChange] attribute should be used to temporarily suppress the notice in /home/akilimo/services/portal/wp-content/themes/kenta/lotta-framework/vendor/illuminate/container/Container.php on line 1254
[05-Dec-2024 10:05:19 UTC] PHP Deprecated:  Return type of Illuminate\Container\Container::offsetUnset($key) should either be compatible with ArrayAccess::offsetUnset(mixed $offset): void, or the #[\ReturnTypeWillChange] attribute should be used to temporarily suppress the notice in /home/akilimo/services/portal/wp-content/themes/kenta/lotta-framework/vendor/illuminate/container/Container.php on line 1267
[05-Dec-2024 10:05:19 UTC] PHP Deprecated:  Creation of dynamic property YotuWP::$cache_timeout is deprecated in /home/akilimo/services/portal/wp-content/plugins/yotuwp-easy-youtube-embed/yotuwp.php on line 287
[05-Dec-2024 10:05:19 UTC] PHP Deprecated:  Creation of dynamic property YotuWP::$views is deprecated in /home/akilimo/services/portal/wp-content/plugins/yotuwp-easy-youtube-embed/yotuwp.php on line 391
[05-Dec-2024 10:05:19 UTC] PHP Deprecated:  stripos(): Passing null to parameter #1 ($haystack) of type string is deprecated in /home/akilimo/services/portal/wp-includes/functions.wp-scripts.php on line 133
